Standard Commons Logging discovery in action with spring-jcl: please remove commons-logging.jar from classpath in order to avoid potential conflicts

  .   ____          _            __ _ _
 /\\ / ___'_ __ _ _(_)_ __  __ _ \ \ \ \
( ( )\___ | '_ | '_| | '_ \/ _` | \ \ \ \
 \\/  ___)| |_)| | | | | || (_| |  ) ) ) )
  '  |____| .__|_| |_|_| |_\__, | / / / /
 =========|_|==============|___/=/_/_/_/

 :: Spring Boot ::                (v3.5.9)

2026-01-02T19:53:35.143Z  INFO 1 --- [auth-service] [           main] c.e.auth_service.AuthServiceApplication  : Starting AuthServiceApplication v0.0.1-SNAPSHOT using Java 17.0.17 with PID 1 (/app/app.jar started by spring in /app)
2026-01-02T19:53:35.169Z DEBUG 1 --- [auth-service] [           main] c.e.auth_service.AuthServiceApplication  : Running with Spring Boot v3.5.9, Spring v6.2.15
2026-01-02T19:53:35.171Z  INFO 1 --- [auth-service] [           main] c.e.auth_service.AuthServiceApplication  : The following 1 profile is active: "dev"
2026-01-02T19:53:43.235Z  INFO 1 --- [auth-service] [           main] .s.d.r.c.RepositoryConfigurationDelegate : Bootstrapping Spring Data JPA repositories in DEFAULT mode.
2026-01-02T19:53:43.889Z  INFO 1 --- [auth-service] [           main] .s.d.r.c.RepositoryConfigurationDelegate : Finished Spring Data repository scanning in 596 ms. Found 1 JPA repository interface.
2026-01-02T19:53:46.561Z  INFO 1 --- [auth-service] [           main] o.s.cloud.context.scope.GenericScope     : BeanFactory id=46798870-57aa-3af5-aabd-486c6e24a828
2026-01-02T19:53:50.328Z  INFO 1 --- [auth-service] [           main] o.s.b.w.embedded.tomcat.TomcatWebServer  : Tomcat initialized with port 8081 (http)
2026-01-02T19:53:50.383Z  INFO 1 --- [auth-service] [           main] o.apache.catalina.core.StandardService   : Starting service [Tomcat]
2026-01-02T19:53:50.385Z  INFO 1 --- [auth-service] [           main] o.apache.catalina.core.StandardEngine    : Starting Servlet engine: [Apache Tomcat/10.1.50]
2026-01-02T19:53:50.465Z  INFO 1 --- [auth-service] [           main] o.a.c.c.C.[Tomcat].[localhost].[/]       : Initializing Spring embedded WebApplicationContext
2026-01-02T19:53:50.469Z  INFO 1 --- [auth-service] [           main] w.s.c.ServletWebServerApplicationContext : Root WebApplicationContext: initialization completed in 15040 ms
Standard Commons Logging discovery in action with spring-jcl: please remove commons-logging.jar from classpath in order to avoid potential conflicts
2026-01-02T19:53:51.760Z  INFO 1 --- [auth-service] [           main] o.hibernate.jpa.internal.util.LogHelper  : HHH000204: Processing PersistenceUnitInfo [name: default]
2026-01-02T19:53:51.925Z  INFO 1 --- [auth-service] [           main] org.hibernate.Version                    : HHH000412: Hibernate ORM core version 6.6.39.Final
2026-01-02T19:53:51.993Z  INFO 1 --- [auth-service] [           main] o.h.c.internal.RegionFactoryInitiator    : HHH000026: Second-level cache disabled
2026-01-02T19:53:52.658Z  INFO 1 --- [auth-service] [           main] o.s.o.j.p.SpringPersistenceUnitInfo      : No LoadTimeWeaver setup: ignoring JPA class transformer
2026-01-02T19:53:52.746Z  INFO 1 --- [auth-service] [           main] com.zaxxer.hikari.HikariDataSource       : HikariPool-1 - Starting...
2026-01-02T19:53:52.778Z  INFO 1 --- [auth-service] [           main] com.zaxxer.hikari.HikariDataSource       : HikariPool-1 - Start completed.
2026-01-02T19:53:53.539Z  INFO 1 --- [auth-service] [           main] org.hibernate.orm.connections.pooling    : HHH10001005: Database info:
	Database JDBC URL [Connecting through datasource 'HikariDataSource (HikariPool-1)']
	Database driver: undefined/unknown
	Database version: 15.15
	Autocommit mode: undefined/unknown
	Isolation level: undefined/unknown
	Minimum pool size: undefined/unknown
	Maximum pool size: undefined/unknown
2026-01-02T19:53:55.329Z  INFO 1 --- [auth-service] [           main] o.h.e.t.j.p.i.JtaPlatformInitiator       : HHH000489: No JTA platform available (set 'hibernate.transaction.jta.platform' to enable JTA platform integration)
2026-01-02T19:53:55.561Z  INFO 1 --- [auth-service] [           main] j.LocalContainerEntityManagerFactoryBean : Initialized JPA EntityManagerFactory for persistence unit 'default'
2026-01-02T19:53:57.769Z  INFO 1 --- [auth-service] [           main] eAuthenticationProviderManagerConfigurer : Global AuthenticationManager configured with AuthenticationProvider bean with name authProvider
2026-01-02T19:53:57.774Z  WARN 1 --- [auth-service] [           main] r$InitializeUserDetailsManagerConfigurer : Global AuthenticationManager configured with an AuthenticationProvider bean. UserDetailsService beans will not be used by Spring Security for automatically configuring username/password login. Consider removing the AuthenticationProvider bean. Alternatively, consider using the UserDetailsService in a manually instantiated DaoAuthenticationProvider. If the current configuration is intentional, to turn off this warning, increase the logging level of 'org.springframework.security.config.annotation.authentication.configuration.InitializeUserDetailsBeanManagerConfigurer' to ERROR
2026-01-02T19:54:02.126Z  INFO 1 --- [auth-service] [           main] o.s.b.a.e.web.EndpointLinksResolver      : Exposing 3 endpoints beneath base path '/actuator'
2026-01-02T19:54:03.001Z DEBUG 1 --- [auth-service] [           main] o.s.s.web.DefaultSecurityFilterChain     : Will secure any request with filters: DisableEncodeUrlFilter, WebAsyncManagerIntegrationFilter, SecurityContextHolderFilter, HeaderWriterFilter, CorsFilter, LogoutFilter, BasicAuthenticationFilter, RequestCacheAwareFilter, SecurityContextHolderAwareRequestFilter, AnonymousAuthenticationFilter, ExceptionTranslationFilter, AuthorizationFilter
2026-01-02T19:54:09.116Z  WARN 1 --- [auth-service] [           main] iguration$LoadBalancerCaffeineWarnLogger : Spring Cloud LoadBalancer is currently working with the default cache. While this cache implementation is useful for development and tests, it's recommended to use Caffeine cache in production.You can switch to using Caffeine cache, by adding it and org.springframework.cache.caffeine.CaffeineCacheManager to the classpath.
2026-01-02T19:54:09.389Z  INFO 1 --- [auth-service] [           main] o.s.b.w.embedded.tomcat.TomcatWebServer  : Tomcat started on port 8081 (http) with context path '/'
2026-01-02T19:54:09.407Z  INFO 1 --- [auth-service] [           main] o.s.c.c.s.ConsulServiceRegistry          : Registering service with consul: NewService{id='auth-service-d40b2d4c1a068f283e457b9aa32b31cf', name='auth-service', tags=[statlabia, auth, dev], address='172.22.0.8', meta={secure=false}, port=8081, enableTagOverride=null, check=Check{script='null', dockerContainerID='null', shell='null', interval='30s', ttl='null', http='http://172.22.0.8:8081/actuator/health', method='null', header={}, tcp='null', timeout='null', deregisterCriticalServiceAfter='30s', tlsSkipVerify=null, status='null', grpc='null', grpcUseTLS=null}, checks=null}
2026-01-02T19:54:09.545Z  INFO 1 --- [auth-service] [           main] c.e.auth_service.AuthServiceApplication  : Started AuthServiceApplication in 39.092 seconds (process running for 45.021)
2026-01-02T19:54:12.336Z  INFO 1 --- [auth-service] [nio-8081-exec-1] o.a.c.c.C.[Tomcat].[localhost].[/]       : Initializing Spring DispatcherServlet 'dispatcherServlet'
2026-01-02T19:54:12.337Z  INFO 1 --- [auth-service] [nio-8081-exec-1] o.s.web.servlet.DispatcherServlet        : Initializing Servlet 'dispatcherServlet'
2026-01-02T19:54:12.348Z  INFO 1 --- [auth-service] [nio-8081-exec-1] o.s.web.servlet.DispatcherServlet        : Completed initialization in 10 ms
2026-01-02T19:54:12.417Z DEBUG 1 --- [auth-service] [nio-8081-exec-1] o.s.security.web.FilterChainProxy        : Securing GET /actuator/health
2026-01-02T19:54:12.465Z DEBUG 1 --- [auth-service] [nio-8081-exec-1] o.s.security.web.FilterChainProxy        : Secured GET /actuator/health
2026-01-02T19:54:12.779Z DEBUG 1 --- [auth-service] [nio-8081-exec-1] o.s.s.w.a.AnonymousAuthenticationFilter  : Set SecurityContextHolder to anonymous SecurityContext
2026-01-02T19:54:13.813Z DEBUG 1 --- [auth-service] [nio-8081-exec-2] o.s.security.web.FilterChainProxy        : Securing GET /actuator/health
2026-01-02T19:54:13.815Z DEBUG 1 --- [auth-service] [nio-8081-exec-2] o.s.security.web.FilterChainProxy        : Secured GET /actuator/health
2026-01-02T19:54:13.830Z DEBUG 1 --- [auth-service] [nio-8081-exec-2] o.s.s.w.a.AnonymousAuthenticationFilter  : Set SecurityContextHolder to anonymous SecurityContext
2026-01-02T19:54:35.493Z DEBUG 1 --- [auth-service] [nio-8081-exec-3] o.s.security.web.FilterChainProxy        : Securing GET /actuator/health
2026-01-02T19:54:35.494Z DEBUG 1 --- [auth-service] [nio-8081-exec-3] o.s.security.web.FilterChainProxy        : Secured GET /actuator/health
2026-01-02T19:54:35.504Z DEBUG 1 --- [auth-service] [nio-8081-exec-3] o.s.s.w.a.AnonymousAuthenticationFilter  : Set SecurityContextHolder to anonymous SecurityContext
2026-01-02T19:54:42.785Z DEBUG 1 --- [auth-service] [nio-8081-exec-4] o.s.security.web.FilterChainProxy        : Securing GET /actuator/health
2026-01-02T19:54:42.787Z DEBUG 1 --- [auth-service] [nio-8081-exec-4] o.s.security.web.FilterChainProxy        : Secured GET /actuator/health
2026-01-02T19:54:42.803Z DEBUG 1 --- [auth-service] [nio-8081-exec-4] o.s.s.w.a.AnonymousAuthenticationFilter  : Set SecurityContextHolder to anonymous SecurityContext
2026-01-02T19:54:43.834Z DEBUG 1 --- [auth-service] [nio-8081-exec-5] o.s.security.web.FilterChainProxy        : Securing GET /actuator/health
2026-01-02T19:54:43.836Z DEBUG 1 --- [auth-service] [nio-8081-exec-5] o.s.security.web.FilterChainProxy        : Secured GET /actuator/health
2026-01-02T19:54:43.847Z DEBUG 1 --- [auth-service] [nio-8081-exec-5] o.s.s.w.a.AnonymousAuthenticationFilter  : Set SecurityContextHolder to anonymous SecurityContext
2026-01-02T19:55:05.608Z DEBUG 1 --- [auth-service] [nio-8081-exec-6] o.s.security.web.FilterChainProxy        : Securing GET /actuator/health
2026-01-02T19:55:05.610Z DEBUG 1 --- [auth-service] [nio-8081-exec-6] o.s.security.web.FilterChainProxy        : Secured GET /actuator/health
2026-01-02T19:55:05.625Z DEBUG 1 --- [auth-service] [nio-8081-exec-6] o.s.s.w.a.AnonymousAuthenticationFilter  : Set SecurityContextHolder to anonymous SecurityContext
2026-01-02T19:55:12.806Z DEBUG 1 --- [auth-service] [nio-8081-exec-7] o.s.security.web.FilterChainProxy        : Securing GET /actuator/health
2026-01-02T19:55:12.808Z DEBUG 1 --- [auth-service] [nio-8081-exec-7] o.s.security.web.FilterChainProxy        : Secured GET /actuator/health
2026-01-02T19:55:12.821Z DEBUG 1 --- [auth-service] [nio-8081-exec-7] o.s.s.w.a.AnonymousAuthenticationFilter  : Set SecurityContextHolder to anonymous SecurityContext
2026-01-02T19:55:13.849Z DEBUG 1 --- [auth-service] [nio-8081-exec-8] o.s.security.web.FilterChainProxy        : Securing GET /actuator/health
2026-01-02T19:55:13.850Z DEBUG 1 --- [auth-service] [nio-8081-exec-8] o.s.security.web.FilterChainProxy        : Secured GET /actuator/health
2026-01-02T19:55:13.863Z DEBUG 1 --- [auth-service] [nio-8081-exec-8] o.s.s.w.a.AnonymousAuthenticationFilter  : Set SecurityContextHolder to anonymous SecurityContext
2026-01-02T19:55:35.716Z DEBUG 1 --- [auth-service] [nio-8081-exec-9] o.s.security.web.FilterChainProxy        : Securing GET /actuator/health
2026-01-02T19:55:35.718Z DEBUG 1 --- [auth-service] [nio-8081-exec-9] o.s.security.web.FilterChainProxy        : Secured GET /actuator/health
2026-01-02T19:55:35.731Z DEBUG 1 --- [auth-service] [nio-8081-exec-9] o.s.s.w.a.AnonymousAuthenticationFilter  : Set SecurityContextHolder to anonymous SecurityContext
2026-01-02T19:55:42.829Z DEBUG 1 --- [auth-service] [io-8081-exec-10] o.s.security.web.FilterChainProxy        : Securing GET /actuator/health
2026-01-02T19:55:42.833Z DEBUG 1 --- [auth-service] [io-8081-exec-10] o.s.security.web.FilterChainProxy        : Secured GET /actuator/health
2026-01-02T19:55:42.846Z DEBUG 1 --- [auth-service] [io-8081-exec-10] o.s.s.w.a.AnonymousAuthenticationFilter  : Set SecurityContextHolder to anonymous SecurityContext
2026-01-02T19:55:43.868Z DEBUG 1 --- [auth-service] [nio-8081-exec-1] o.s.security.web.FilterChainProxy        : Securing GET /actuator/health
2026-01-02T19:55:43.870Z DEBUG 1 --- [auth-service] [nio-8081-exec-1] o.s.security.web.FilterChainProxy        : Secured GET /actuator/health
2026-01-02T19:55:43.883Z DEBUG 1 --- [auth-service] [nio-8081-exec-1] o.s.s.w.a.AnonymousAuthenticationFilter  : Set SecurityContextHolder to anonymous SecurityContext
2026-01-02T19:56:05.802Z DEBUG 1 --- [auth-service] [nio-8081-exec-2] o.s.security.web.FilterChainProxy        : Securing GET /actuator/health
2026-01-02T19:56:05.803Z DEBUG 1 --- [auth-service] [nio-8081-exec-2] o.s.security.web.FilterChainProxy        : Secured GET /actuator/health
2026-01-02T19:56:05.818Z DEBUG 1 --- [auth-service] [nio-8081-exec-2] o.s.s.w.a.AnonymousAuthenticationFilter  : Set SecurityContextHolder to anonymous SecurityContext
2026-01-02T19:56:12.851Z DEBUG 1 --- [auth-service] [nio-8081-exec-3] o.s.security.web.FilterChainProxy        : Securing GET /actuator/health
2026-01-02T19:56:12.854Z DEBUG 1 --- [auth-service] [nio-8081-exec-3] o.s.security.web.FilterChainProxy        : Secured GET /actuator/health
2026-01-02T19:56:12.871Z DEBUG 1 --- [auth-service] [nio-8081-exec-3] o.s.s.w.a.AnonymousAuthenticationFilter  : Set SecurityContextHolder to anonymous SecurityContext
2026-01-02T19:56:13.887Z DEBUG 1 --- [auth-service] [nio-8081-exec-4] o.s.security.web.FilterChainProxy        : Securing GET /actuator/health
2026-01-02T19:56:13.890Z DEBUG 1 --- [auth-service] [nio-8081-exec-4] o.s.security.web.FilterChainProxy        : Secured GET /actuator/health
2026-01-02T19:56:13.905Z DEBUG 1 --- [auth-service] [nio-8081-exec-4] o.s.s.w.a.AnonymousAuthenticationFilter  : Set SecurityContextHolder to anonymous SecurityContext
2026-01-02T19:56:35.901Z DEBUG 1 --- [auth-service] [nio-8081-exec-5] o.s.security.web.FilterChainProxy        : Securing GET /actuator/health
2026-01-02T19:56:35.903Z DEBUG 1 --- [auth-service] [nio-8081-exec-5] o.s.security.web.FilterChainProxy        : Secured GET /actuator/health
2026-01-02T19:56:35.921Z DEBUG 1 --- [auth-service] [nio-8081-exec-5] o.s.s.w.a.AnonymousAuthenticationFilter  : Set SecurityContextHolder to anonymous SecurityContext
2026-01-02T19:56:42.876Z DEBUG 1 --- [auth-service] [nio-8081-exec-6] o.s.security.web.FilterChainProxy        : Securing GET /actuator/health
2026-01-02T19:56:42.878Z DEBUG 1 --- [auth-service] [nio-8081-exec-6] o.s.security.web.FilterChainProxy        : Secured GET /actuator/health
2026-01-02T19:56:42.898Z DEBUG 1 --- [auth-service] [nio-8081-exec-6] o.s.s.w.a.AnonymousAuthenticationFilter  : Set SecurityContextHolder to anonymous SecurityContext
2026-01-02T19:56:43.909Z DEBUG 1 --- [auth-service] [nio-8081-exec-7] o.s.security.web.FilterChainProxy        : Securing GET /actuator/health
2026-01-02T19:56:43.912Z DEBUG 1 --- [auth-service] [nio-8081-exec-7] o.s.security.web.FilterChainProxy        : Secured GET /actuator/health
2026-01-02T19:56:43.926Z DEBUG 1 --- [auth-service] [nio-8081-exec-7] o.s.s.w.a.AnonymousAuthenticationFilter  : Set SecurityContextHolder to anonymous SecurityContext
2026-01-02T19:57:06.023Z DEBUG 1 --- [auth-service] [nio-8081-exec-8] o.s.security.web.FilterChainProxy        : Securing GET /actuator/health
2026-01-02T19:57:06.025Z DEBUG 1 --- [auth-service] [nio-8081-exec-8] o.s.security.web.FilterChainProxy        : Secured GET /actuator/health
2026-01-02T19:57:06.044Z DEBUG 1 --- [auth-service] [nio-8081-exec-8] o.s.s.w.a.AnonymousAuthenticationFilter  : Set SecurityContextHolder to anonymous SecurityContext
2026-01-02T19:57:12.908Z DEBUG 1 --- [auth-service] [nio-8081-exec-9] o.s.security.web.FilterChainProxy        : Securing GET /actuator/health
2026-01-02T19:57:12.917Z DEBUG 1 --- [auth-service] [nio-8081-exec-9] o.s.security.web.FilterChainProxy        : Secured GET /actuator/health
2026-01-02T19:57:12.939Z DEBUG 1 --- [auth-service] [nio-8081-exec-9] o.s.s.w.a.AnonymousAuthenticationFilter  : Set SecurityContextHolder to anonymous SecurityContext
2026-01-02T19:57:13.932Z DEBUG 1 --- [auth-service] [io-8081-exec-10] o.s.security.web.FilterChainProxy        : Securing GET /actuator/health
2026-01-02T19:57:13.940Z DEBUG 1 --- [auth-service] [io-8081-exec-10] o.s.security.web.FilterChainProxy        : Secured GET /actuator/health
2026-01-02T19:57:13.985Z DEBUG 1 --- [auth-service] [io-8081-exec-10] o.s.s.w.a.AnonymousAuthenticationFilter  : Set SecurityContextHolder to anonymous SecurityContext
2026-01-02T19:57:36.244Z DEBUG 1 --- [auth-service] [nio-8081-exec-1] o.s.security.web.FilterChainProxy        : Securing GET /actuator/health
2026-01-02T19:57:36.254Z DEBUG 1 --- [auth-service] [nio-8081-exec-1] o.s.security.web.FilterChainProxy        : Secured GET /actuator/health
2026-01-02T19:57:36.280Z DEBUG 1 --- [auth-service] [nio-8081-exec-1] o.s.s.w.a.AnonymousAuthenticationFilter  : Set SecurityContextHolder to anonymous SecurityContext
2026-01-02T19:57:42.947Z DEBUG 1 --- [auth-service] [nio-8081-exec-2] o.s.security.web.FilterChainProxy        : Securing GET /actuator/health
2026-01-02T19:57:42.949Z DEBUG 1 --- [auth-service] [nio-8081-exec-2] o.s.security.web.FilterChainProxy        : Secured GET /actuator/health
2026-01-02T19:57:42.964Z DEBUG 1 --- [auth-service] [nio-8081-exec-2] o.s.s.w.a.AnonymousAuthenticationFilter  : Set SecurityContextHolder to anonymous SecurityContext
2026-01-02T19:57:44.001Z DEBUG 1 --- [auth-service] [nio-8081-exec-3] o.s.security.web.FilterChainProxy        : Securing GET /actuator/health
2026-01-02T19:57:44.006Z DEBUG 1 --- [auth-service] [nio-8081-exec-3] o.s.security.web.FilterChainProxy        : Secured GET /actuator/health
2026-01-02T19:57:44.020Z DEBUG 1 --- [auth-service] [nio-8081-exec-3] o.s.s.w.a.AnonymousAuthenticationFilter  : Set SecurityContextHolder to anonymous SecurityContext
2026-01-02T19:58:06.416Z DEBUG 1 --- [auth-service] [nio-8081-exec-4] o.s.security.web.FilterChainProxy        : Securing GET /actuator/health
2026-01-02T19:58:06.419Z DEBUG 1 --- [auth-service] [nio-8081-exec-4] o.s.security.web.FilterChainProxy        : Secured GET /actuator/health
2026-01-02T19:58:06.440Z DEBUG 1 --- [auth-service] [nio-8081-exec-4] o.s.s.w.a.AnonymousAuthenticationFilter  : Set SecurityContextHolder to anonymous SecurityContext
2026-01-02T19:58:12.970Z DEBUG 1 --- [auth-service] [nio-8081-exec-5] o.s.security.web.FilterChainProxy        : Securing GET /actuator/health
2026-01-02T19:58:12.973Z DEBUG 1 --- [auth-service] [nio-8081-exec-5] o.s.security.web.FilterChainProxy        : Secured GET /actuator/health
2026-01-02T19:58:12.992Z DEBUG 1 --- [auth-service] [nio-8081-exec-5] o.s.s.w.a.AnonymousAuthenticationFilter  : Set SecurityContextHolder to anonymous SecurityContext
2026-01-02T19:58:14.023Z DEBUG 1 --- [auth-service] [nio-8081-exec-6] o.s.security.web.FilterChainProxy        : Securing GET /actuator/health
2026-01-02T19:58:14.027Z DEBUG 1 --- [auth-service] [nio-8081-exec-6] o.s.security.web.FilterChainProxy        : Secured GET /actuator/health
2026-01-02T19:58:14.039Z DEBUG 1 --- [auth-service] [nio-8081-exec-6] o.s.s.w.a.AnonymousAuthenticationFilter  : Set SecurityContextHolder to anonymous SecurityContext
2026-01-02T19:58:36.569Z DEBUG 1 --- [auth-service] [nio-8081-exec-7] o.s.security.web.FilterChainProxy        : Securing GET /actuator/health
2026-01-02T19:58:36.572Z DEBUG 1 --- [auth-service] [nio-8081-exec-7] o.s.security.web.FilterChainProxy        : Secured GET /actuator/health
2026-01-02T19:58:36.619Z DEBUG 1 --- [auth-service] [nio-8081-exec-7] o.s.s.w.a.AnonymousAuthenticationFilter  : Set SecurityContextHolder to anonymous SecurityContext
2026-01-02T19:58:42.998Z DEBUG 1 --- [auth-service] [nio-8081-exec-8] o.s.security.web.FilterChainProxy        : Securing GET /actuator/health
2026-01-02T19:58:43.001Z DEBUG 1 --- [auth-service] [nio-8081-exec-8] o.s.security.web.FilterChainProxy        : Secured GET /actuator/health
2026-01-02T19:58:43.020Z DEBUG 1 --- [auth-service] [nio-8081-exec-8] o.s.s.w.a.AnonymousAuthenticationFilter  : Set SecurityContextHolder to anonymous SecurityContext
2026-01-02T19:58:44.042Z DEBUG 1 --- [auth-service] [nio-8081-exec-9] o.s.security.web.FilterChainProxy        : Securing GET /actuator/health
2026-01-02T19:58:44.046Z DEBUG 1 --- [auth-service] [nio-8081-exec-9] o.s.security.web.FilterChainProxy        : Secured GET /actuator/health
2026-01-02T19:58:44.061Z DEBUG 1 --- [auth-service] [nio-8081-exec-9] o.s.s.w.a.AnonymousAuthenticationFilter  : Set SecurityContextHolder to anonymous SecurityContext
2026-01-02T19:59:06.793Z DEBUG 1 --- [auth-service] [io-8081-exec-10] o.s.security.web.FilterChainProxy        : Securing GET /actuator/health
2026-01-02T19:59:06.803Z DEBUG 1 --- [auth-service] [io-8081-exec-10] o.s.security.web.FilterChainProxy        : Secured GET /actuator/health
2026-01-02T19:59:06.847Z DEBUG 1 --- [auth-service] [io-8081-exec-10] o.s.s.w.a.AnonymousAuthenticationFilter  : Set SecurityContextHolder to anonymous SecurityContext
2026-01-02T19:59:13.030Z DEBUG 1 --- [auth-service] [nio-8081-exec-1] o.s.security.web.FilterChainProxy        : Securing GET /actuator/health
2026-01-02T19:59:13.036Z DEBUG 1 --- [auth-service] [nio-8081-exec-1] o.s.security.web.FilterChainProxy        : Secured GET /actuator/health
2026-01-02T19:59:13.070Z DEBUG 1 --- [auth-service] [nio-8081-exec-1] o.s.s.w.a.AnonymousAuthenticationFilter  : Set SecurityContextHolder to anonymous SecurityContext
2026-01-02T19:59:14.072Z DEBUG 1 --- [auth-service] [nio-8081-exec-2] o.s.security.web.FilterChainProxy        : Securing GET /actuator/health
2026-01-02T19:59:14.076Z DEBUG 1 --- [auth-service] [nio-8081-exec-2] o.s.security.web.FilterChainProxy        : Secured GET /actuator/health
2026-01-02T19:59:14.095Z DEBUG 1 --- [auth-service] [nio-8081-exec-2] o.s.s.w.a.AnonymousAuthenticationFilter  : Set SecurityContextHolder to anonymous SecurityContext
2026-01-02T19:59:36.957Z DEBUG 1 --- [auth-service] [nio-8081-exec-3] o.s.security.web.FilterChainProxy        : Securing GET /actuator/health
2026-01-02T19:59:36.963Z DEBUG 1 --- [auth-service] [nio-8081-exec-3] o.s.security.web.FilterChainProxy        : Secured GET /actuator/health
2026-01-02T19:59:36.982Z DEBUG 1 --- [auth-service] [nio-8081-exec-3] o.s.s.w.a.AnonymousAuthenticationFilter  : Set SecurityContextHolder to anonymous SecurityContext
2026-01-02T19:59:43.079Z DEBUG 1 --- [auth-service] [nio-8081-exec-4] o.s.security.web.FilterChainProxy        : Securing GET /actuator/health
2026-01-02T19:59:43.083Z DEBUG 1 --- [auth-service] [nio-8081-exec-4] o.s.security.web.FilterChainProxy        : Secured GET /actuator/health
2026-01-02T19:59:43.101Z DEBUG 1 --- [auth-service] [nio-8081-exec-4] o.s.s.w.a.AnonymousAuthenticationFilter  : Set SecurityContextHolder to anonymous SecurityContext
2026-01-02T19:59:44.103Z DEBUG 1 --- [auth-service] [nio-8081-exec-5] o.s.security.web.FilterChainProxy        : Securing GET /actuator/health
2026-01-02T19:59:44.106Z DEBUG 1 --- [auth-service] [nio-8081-exec-5] o.s.security.web.FilterChainProxy        : Secured GET /actuator/health
2026-01-02T19:59:44.121Z DEBUG 1 --- [auth-service] [nio-8081-exec-5] o.s.s.w.a.AnonymousAuthenticationFilter  : Set SecurityContextHolder to anonymous SecurityContext
2026-01-02T20:00:07.089Z DEBUG 1 --- [auth-service] [nio-8081-exec-6] o.s.security.web.FilterChainProxy        : Securing GET /actuator/health
2026-01-02T20:00:07.093Z DEBUG 1 --- [auth-service] [nio-8081-exec-6] o.s.security.web.FilterChainProxy        : Secured GET /actuator/health
2026-01-02T20:00:07.113Z DEBUG 1 --- [auth-service] [nio-8081-exec-6] o.s.s.w.a.AnonymousAuthenticationFilter  : Set SecurityContextHolder to anonymous SecurityContext
2026-01-02T20:00:13.109Z DEBUG 1 --- [auth-service] [nio-8081-exec-7] o.s.security.web.FilterChainProxy        : Securing GET /actuator/health
2026-01-02T20:00:13.113Z DEBUG 1 --- [auth-service] [nio-8081-exec-7] o.s.security.web.FilterChainProxy        : Secured GET /actuator/health
2026-01-02T20:00:13.130Z DEBUG 1 --- [auth-service] [nio-8081-exec-7] o.s.s.w.a.AnonymousAuthenticationFilter  : Set SecurityContextHolder to anonymous SecurityContext
2026-01-02T20:00:14.132Z DEBUG 1 --- [auth-service] [nio-8081-exec-8] o.s.security.web.FilterChainProxy        : Securing GET /actuator/health
2026-01-02T20:00:14.138Z DEBUG 1 --- [auth-service] [nio-8081-exec-8] o.s.security.web.FilterChainProxy        : Secured GET /actuator/health
2026-01-02T20:00:14.157Z DEBUG 1 --- [auth-service] [nio-8081-exec-8] o.s.s.w.a.AnonymousAuthenticationFilter  : Set SecurityContextHolder to anonymous SecurityContext
2026-01-02T20:00:37.275Z DEBUG 1 --- [auth-service] [nio-8081-exec-9] o.s.security.web.FilterChainProxy        : Securing GET /actuator/health
2026-01-02T20:00:37.284Z DEBUG 1 --- [auth-service] [nio-8081-exec-9] o.s.security.web.FilterChainProxy        : Secured GET /actuator/health
2026-01-02T20:00:37.316Z DEBUG 1 --- [auth-service] [nio-8081-exec-9] o.s.s.w.a.AnonymousAuthenticationFilter  : Set SecurityContextHolder to anonymous SecurityContext
2026-01-02T20:00:43.139Z DEBUG 1 --- [auth-service] [io-8081-exec-10] o.s.security.web.FilterChainProxy        : Securing GET /actuator/health
2026-01-02T20:00:43.144Z DEBUG 1 --- [auth-service] [io-8081-exec-10] o.s.security.web.FilterChainProxy        : Secured GET /actuator/health
2026-01-02T20:00:43.167Z DEBUG 1 --- [auth-service] [io-8081-exec-10] o.s.s.w.a.AnonymousAuthenticationFilter  : Set SecurityContextHolder to anonymous SecurityContext
2026-01-02T20:00:44.162Z DEBUG 1 --- [auth-service] [nio-8081-exec-1] o.s.security.web.FilterChainProxy        : Securing GET /actuator/health
2026-01-02T20:00:44.165Z DEBUG 1 --- [auth-service] [nio-8081-exec-1] o.s.security.web.FilterChainProxy        : Secured GET /actuator/health
2026-01-02T20:00:44.189Z DEBUG 1 --- [auth-service] [nio-8081-exec-1] o.s.s.w.a.AnonymousAuthenticationFilter  : Set SecurityContextHolder to anonymous SecurityContext
2026-01-02T20:01:07.519Z DEBUG 1 --- [auth-service] [nio-8081-exec-2] o.s.security.web.FilterChainProxy        : Securing GET /actuator/health
2026-01-02T20:01:07.539Z DEBUG 1 --- [auth-service] [nio-8081-exec-2] o.s.security.web.FilterChainProxy        : Secured GET /actuator/health
2026-01-02T20:01:07.595Z DEBUG 1 --- [auth-service] [nio-8081-exec-2] o.s.s.w.a.AnonymousAuthenticationFilter  : Set SecurityContextHolder to anonymous SecurityContext
2026-01-02T20:01:13.179Z DEBUG 1 --- [auth-service] [nio-8081-exec-3] o.s.security.web.FilterChainProxy        : Securing GET /actuator/health
2026-01-02T20:01:13.186Z DEBUG 1 --- [auth-service] [nio-8081-exec-3] o.s.security.web.FilterChainProxy        : Secured GET /actuator/health
2026-01-02T20:01:13.209Z DEBUG 1 --- [auth-service] [nio-8081-exec-3] o.s.s.w.a.AnonymousAuthenticationFilter  : Set SecurityContextHolder to anonymous SecurityContext
2026-01-02T20:01:14.200Z DEBUG 1 --- [auth-service] [nio-8081-exec-4] o.s.security.web.FilterChainProxy        : Securing GET /actuator/health
2026-01-02T20:01:14.204Z DEBUG 1 --- [auth-service] [nio-8081-exec-4] o.s.security.web.FilterChainProxy        : Secured GET /actuator/health
2026-01-02T20:01:14.223Z DEBUG 1 --- [auth-service] [nio-8081-exec-4] o.s.s.w.a.AnonymousAuthenticationFilter  : Set SecurityContextHolder to anonymous SecurityContext
2026-01-02T20:01:37.768Z DEBUG 1 --- [auth-service] [nio-8081-exec-5] o.s.security.web.FilterChainProxy        : Securing GET /actuator/health
2026-01-02T20:01:37.773Z DEBUG 1 --- [auth-service] [nio-8081-exec-5] o.s.security.web.FilterChainProxy        : Secured GET /actuator/health
2026-01-02T20:01:37.805Z DEBUG 1 --- [auth-service] [nio-8081-exec-5] o.s.s.w.a.AnonymousAuthenticationFilter  : Set SecurityContextHolder to anonymous SecurityContext
2026-01-02T20:01:43.215Z DEBUG 1 --- [auth-service] [nio-8081-exec-6] o.s.security.web.FilterChainProxy        : Securing GET /actuator/health
2026-01-02T20:01:43.218Z DEBUG 1 --- [auth-service] [nio-8081-exec-6] o.s.security.web.FilterChainProxy        : Secured GET /actuator/health
2026-01-02T20:01:43.238Z DEBUG 1 --- [auth-service] [nio-8081-exec-6] o.s.s.w.a.AnonymousAuthenticationFilter  : Set SecurityContextHolder to anonymous SecurityContext
2026-01-02T20:01:44.228Z DEBUG 1 --- [auth-service] [nio-8081-exec-7] o.s.security.web.FilterChainProxy        : Securing GET /actuator/health
2026-01-02T20:01:44.230Z DEBUG 1 --- [auth-service] [nio-8081-exec-7] o.s.security.web.FilterChainProxy        : Secured GET /actuator/health
2026-01-02T20:01:44.245Z DEBUG 1 --- [auth-service] [nio-8081-exec-7] o.s.s.w.a.AnonymousAuthenticationFilter  : Set SecurityContextHolder to anonymous SecurityContext
2026-01-02T20:02:08.015Z DEBUG 1 --- [auth-service] [nio-8081-exec-8] o.s.security.web.FilterChainProxy        : Securing GET /actuator/health
2026-01-02T20:02:08.025Z DEBUG 1 --- [auth-service] [nio-8081-exec-8] o.s.security.web.FilterChainProxy        : Secured GET /actuator/health
2026-01-02T20:02:08.079Z DEBUG 1 --- [auth-service] [nio-8081-exec-8] o.s.s.w.a.AnonymousAuthenticationFilter  : Set SecurityContextHolder to anonymous SecurityContext
2026-01-02T20:02:13.243Z DEBUG 1 --- [auth-service] [nio-8081-exec-9] o.s.security.web.FilterChainProxy        : Securing GET /actuator/health
2026-01-02T20:02:13.245Z DEBUG 1 --- [auth-service] [nio-8081-exec-9] o.s.security.web.FilterChainProxy        : Secured GET /actuator/health
2026-01-02T20:02:13.262Z DEBUG 1 --- [auth-service] [nio-8081-exec-9] o.s.s.w.a.AnonymousAuthenticationFilter  : Set SecurityContextHolder to anonymous SecurityContext
2026-01-02T20:02:14.250Z DEBUG 1 --- [auth-service] [io-8081-exec-10] o.s.security.web.FilterChainProxy        : Securing GET /actuator/health
2026-01-02T20:02:14.253Z DEBUG 1 --- [auth-service] [io-8081-exec-10] o.s.security.web.FilterChainProxy        : Secured GET /actuator/health
2026-01-02T20:02:14.272Z DEBUG 1 --- [auth-service] [io-8081-exec-10] o.s.s.w.a.AnonymousAuthenticationFilter  : Set SecurityContextHolder to anonymous SecurityContext
2026-01-02T20:02:38.198Z DEBUG 1 --- [auth-service] [nio-8081-exec-1] o.s.security.web.FilterChainProxy        : Securing GET /actuator/health
2026-01-02T20:02:38.202Z DEBUG 1 --- [auth-service] [nio-8081-exec-1] o.s.security.web.FilterChainProxy        : Secured GET /actuator/health
2026-01-02T20:02:38.223Z DEBUG 1 --- [auth-service] [nio-8081-exec-1] o.s.s.w.a.AnonymousAuthenticationFilter  : Set SecurityContextHolder to anonymous SecurityContext
2026-01-02T20:02:43.268Z DEBUG 1 --- [auth-service] [nio-8081-exec-2] o.s.security.web.FilterChainProxy        : Securing GET /actuator/health
2026-01-02T20:02:43.271Z DEBUG 1 --- [auth-service] [nio-8081-exec-2] o.s.security.web.FilterChainProxy        : Secured GET /actuator/health
2026-01-02T20:02:43.357Z DEBUG 1 --- [auth-service] [nio-8081-exec-2] o.s.s.w.a.AnonymousAuthenticationFilter  : Set SecurityContextHolder to anonymous SecurityContext
2026-01-02T20:02:44.277Z DEBUG 1 --- [auth-service] [nio-8081-exec-3] o.s.security.web.FilterChainProxy        : Securing GET /actuator/health
2026-01-02T20:02:44.292Z DEBUG 1 --- [auth-service] [nio-8081-exec-3] o.s.security.web.FilterChainProxy        : Secured GET /actuator/health
2026-01-02T20:02:44.306Z DEBUG 1 --- [auth-service] [nio-8081-exec-3] o.s.s.w.a.AnonymousAuthenticationFilter  : Set SecurityContextHolder to anonymous SecurityContext
2026-01-02T20:03:08.356Z DEBUG 1 --- [auth-service] [nio-8081-exec-4] o.s.security.web.FilterChainProxy        : Securing GET /actuator/health
2026-01-02T20:03:08.360Z DEBUG 1 --- [auth-service] [nio-8081-exec-4] o.s.security.web.FilterChainProxy        : Secured GET /actuator/health
2026-01-02T20:03:08.390Z DEBUG 1 --- [auth-service] [nio-8081-exec-4] o.s.s.w.a.AnonymousAuthenticationFilter  : Set SecurityContextHolder to anonymous SecurityContext
2026-01-02T20:03:13.362Z DEBUG 1 --- [auth-service] [nio-8081-exec-5] o.s.security.web.FilterChainProxy        : Securing GET /actuator/health
2026-01-02T20:03:13.366Z DEBUG 1 --- [auth-service] [nio-8081-exec-5] o.s.security.web.FilterChainProxy        : Secured GET /actuator/health
2026-01-02T20:03:13.383Z DEBUG 1 --- [auth-service] [nio-8081-exec-5] o.s.s.w.a.AnonymousAuthenticationFilter  : Set SecurityContextHolder to anonymous SecurityContext
2026-01-02T20:03:14.311Z DEBUG 1 --- [auth-service] [nio-8081-exec-6] o.s.security.web.FilterChainProxy        : Securing GET /actuator/health
2026-01-02T20:03:14.313Z DEBUG 1 --- [auth-service] [nio-8081-exec-6] o.s.security.web.FilterChainProxy        : Secured GET /actuator/health
2026-01-02T20:03:14.331Z DEBUG 1 --- [auth-service] [nio-8081-exec-6] o.s.s.w.a.AnonymousAuthenticationFilter  : Set SecurityContextHolder to anonymous SecurityContext
2026-01-02T20:03:38.633Z DEBUG 1 --- [auth-service] [nio-8081-exec-7] o.s.security.web.FilterChainProxy        : Securing GET /actuator/health
2026-01-02T20:03:38.653Z DEBUG 1 --- [auth-service] [nio-8081-exec-7] o.s.security.web.FilterChainProxy        : Secured GET /actuator/health
2026-01-02T20:03:38.808Z DEBUG 1 --- [auth-service] [nio-8081-exec-7] o.s.s.w.a.AnonymousAuthenticationFilter  : Set SecurityContextHolder to anonymous SecurityContext
2026-01-02T20:03:43.402Z DEBUG 1 --- [auth-service] [nio-8081-exec-8] o.s.security.web.FilterChainProxy        : Securing GET /actuator/health
2026-01-02T20:03:43.409Z DEBUG 1 --- [auth-service] [nio-8081-exec-8] o.s.security.web.FilterChainProxy        : Secured GET /actuator/health
2026-01-02T20:03:43.436Z DEBUG 1 --- [auth-service] [nio-8081-exec-8] o.s.s.w.a.AnonymousAuthenticationFilter  : Set SecurityContextHolder to anonymous SecurityContext
2026-01-02T20:03:44.337Z DEBUG 1 --- [auth-service] [nio-8081-exec-9] o.s.security.web.FilterChainProxy        : Securing GET /actuator/health
2026-01-02T20:03:44.339Z DEBUG 1 --- [auth-service] [nio-8081-exec-9] o.s.security.web.FilterChainProxy        : Secured GET /actuator/health
2026-01-02T20:03:44.353Z DEBUG 1 --- [auth-service] [nio-8081-exec-9] o.s.s.w.a.AnonymousAuthenticationFilter  : Set SecurityContextHolder to anonymous SecurityContext
2026-01-02T20:04:08.899Z DEBUG 1 --- [auth-service] [io-8081-exec-10] o.s.security.web.FilterChainProxy        : Securing GET /actuator/health
2026-01-02T20:04:08.902Z DEBUG 1 --- [auth-service] [io-8081-exec-10] o.s.security.web.FilterChainProxy        : Secured GET /actuator/health
2026-01-02T20:04:08.918Z DEBUG 1 --- [auth-service] [io-8081-exec-10] o.s.s.w.a.AnonymousAuthenticationFilter  : Set SecurityContextHolder to anonymous SecurityContext
2026-01-02T20:04:13.446Z DEBUG 1 --- [auth-service] [nio-8081-exec-1] o.s.security.web.FilterChainProxy        : Securing GET /actuator/health
2026-01-02T20:04:13.449Z DEBUG 1 --- [auth-service] [nio-8081-exec-1] o.s.security.web.FilterChainProxy        : Secured GET /actuator/health
2026-01-02T20:04:13.472Z DEBUG 1 --- [auth-service] [nio-8081-exec-1] o.s.s.w.a.AnonymousAuthenticationFilter  : Set SecurityContextHolder to anonymous SecurityContext
2026-01-02T20:04:14.366Z DEBUG 1 --- [auth-service] [nio-8081-exec-2] o.s.security.web.FilterChainProxy        : Securing GET /actuator/health
2026-01-02T20:04:14.371Z DEBUG 1 --- [auth-service] [nio-8081-exec-2] o.s.security.web.FilterChainProxy        : Secured GET /actuator/health
2026-01-02T20:04:14.389Z DEBUG 1 --- [auth-service] [nio-8081-exec-2] o.s.s.w.a.AnonymousAuthenticationFilter  : Set SecurityContextHolder to anonymous SecurityContext
2026-01-02T20:04:39.014Z DEBUG 1 --- [auth-service] [nio-8081-exec-3] o.s.security.web.FilterChainProxy        : Securing GET /actuator/health
2026-01-02T20:04:39.018Z DEBUG 1 --- [auth-service] [nio-8081-exec-3] o.s.security.web.FilterChainProxy        : Secured GET /actuator/health
2026-01-02T20:04:39.037Z DEBUG 1 --- [auth-service] [nio-8081-exec-3] o.s.s.w.a.AnonymousAuthenticationFilter  : Set SecurityContextHolder to anonymous SecurityContext
2026-01-02T20:04:43.482Z DEBUG 1 --- [auth-service] [nio-8081-exec-4] o.s.security.web.FilterChainProxy        : Securing GET /actuator/health
2026-01-02T20:04:43.487Z DEBUG 1 --- [auth-service] [nio-8081-exec-4] o.s.security.web.FilterChainProxy        : Secured GET /actuator/health
2026-01-02T20:04:43.513Z DEBUG 1 --- [auth-service] [nio-8081-exec-4] o.s.s.w.a.AnonymousAuthenticationFilter  : Set SecurityContextHolder to anonymous SecurityContext
2026-01-02T20:04:44.396Z DEBUG 1 --- [auth-service] [nio-8081-exec-5] o.s.security.web.FilterChainProxy        : Securing GET /actuator/health
2026-01-02T20:04:44.399Z DEBUG 1 --- [auth-service] [nio-8081-exec-5] o.s.security.web.FilterChainProxy        : Secured GET /actuator/health
2026-01-02T20:04:44.416Z DEBUG 1 --- [auth-service] [nio-8081-exec-5] o.s.s.w.a.AnonymousAuthenticationFilter  : Set SecurityContextHolder to anonymous SecurityContext
