Standard Commons Logging discovery in action with spring-jcl: please remove commons-logging.jar from classpath in order to avoid potential conflicts

  .   ____          _            __ _ _
 /\\ / ___'_ __ _ _(_)_ __  __ _ \ \ \ \
( ( )\___ | '_ | '_| | '_ \/ _` | \ \ \ \
 \\/  ___)| |_)| | | | | || (_| |  ) ) ) )
  '  |____| .__|_| |_|_| |_\__, | / / / /
 =========|_|==============|___/=/_/_/_/

 :: Spring Boot ::                (v3.5.9)

2026-01-02T15:52:01.089Z  INFO 1 --- [auth-service] [           main] c.e.auth_service.AuthServiceApplication  : Starting AuthServiceApplication v0.0.1-SNAPSHOT using Java 17.0.17 with PID 1 (/app/app.jar started by spring in /app)
2026-01-02T15:52:01.120Z DEBUG 1 --- [auth-service] [           main] c.e.auth_service.AuthServiceApplication  : Running with Spring Boot v3.5.9, Spring v6.2.15
2026-01-02T15:52:01.126Z  INFO 1 --- [auth-service] [           main] c.e.auth_service.AuthServiceApplication  : The following 1 profile is active: "dev"
2026-01-02T15:52:24.062Z  INFO 1 --- [auth-service] [           main] .s.d.r.c.RepositoryConfigurationDelegate : Bootstrapping Spring Data JPA repositories in DEFAULT mode.
2026-01-02T15:52:25.531Z  INFO 1 --- [auth-service] [           main] .s.d.r.c.RepositoryConfigurationDelegate : Finished Spring Data repository scanning in 1391 ms. Found 1 JPA repository interface.
2026-01-02T15:52:29.022Z  INFO 1 --- [auth-service] [           main] o.s.cloud.context.scope.GenericScope     : BeanFactory id=46798870-57aa-3af5-aabd-486c6e24a828
2026-01-02T15:52:39.182Z  INFO 1 --- [auth-service] [           main] o.s.b.w.embedded.tomcat.TomcatWebServer  : Tomcat initialized with port 8081 (http)
2026-01-02T15:52:39.278Z  INFO 1 --- [auth-service] [           main] o.apache.catalina.core.StandardService   : Starting service [Tomcat]
2026-01-02T15:52:39.280Z  INFO 1 --- [auth-service] [           main] o.apache.catalina.core.StandardEngine    : Starting Servlet engine: [Apache Tomcat/10.1.50]
2026-01-02T15:52:40.006Z  INFO 1 --- [auth-service] [           main] o.a.c.c.C.[Tomcat].[localhost].[/]       : Initializing Spring embedded WebApplicationContext
2026-01-02T15:52:40.025Z  INFO 1 --- [auth-service] [           main] w.s.c.ServletWebServerApplicationContext : Root WebApplicationContext: initialization completed in 37347 ms
Standard Commons Logging discovery in action with spring-jcl: please remove commons-logging.jar from classpath in order to avoid potential conflicts
2026-01-02T15:52:43.716Z  INFO 1 --- [auth-service] [           main] o.hibernate.jpa.internal.util.LogHelper  : HHH000204: Processing PersistenceUnitInfo [name: default]
2026-01-02T15:52:44.182Z  INFO 1 --- [auth-service] [           main] org.hibernate.Version                    : HHH000412: Hibernate ORM core version 6.6.39.Final
2026-01-02T15:52:44.420Z  INFO 1 --- [auth-service] [           main] o.h.c.internal.RegionFactoryInitiator    : HHH000026: Second-level cache disabled
2026-01-02T15:52:46.454Z  INFO 1 --- [auth-service] [           main] o.s.o.j.p.SpringPersistenceUnitInfo      : No LoadTimeWeaver setup: ignoring JPA class transformer
2026-01-02T15:52:46.704Z  INFO 1 --- [auth-service] [           main] com.zaxxer.hikari.HikariDataSource       : HikariPool-1 - Starting...
2026-01-02T15:52:46.803Z  INFO 1 --- [auth-service] [           main] com.zaxxer.hikari.HikariDataSource       : HikariPool-1 - Start completed.
2026-01-02T15:52:49.533Z  INFO 1 --- [auth-service] [           main] org.hibernate.orm.connections.pooling    : HHH10001005: Database info:
	Database JDBC URL [Connecting through datasource 'HikariDataSource (HikariPool-1)']
	Database driver: undefined/unknown
	Database version: 15.15
	Autocommit mode: undefined/unknown
	Isolation level: undefined/unknown
	Minimum pool size: undefined/unknown
	Maximum pool size: undefined/unknown
2026-01-02T15:52:56.433Z  INFO 1 --- [auth-service] [           main] o.h.e.t.j.p.i.JtaPlatformInitiator       : HHH000489: No JTA platform available (set 'hibernate.transaction.jta.platform' to enable JTA platform integration)
2026-01-02T15:52:56.722Z  INFO 1 --- [auth-service] [           main] j.LocalContainerEntityManagerFactoryBean : Initialized JPA EntityManagerFactory for persistence unit 'default'
2026-01-02T15:52:59.611Z  INFO 1 --- [auth-service] [           main] eAuthenticationProviderManagerConfigurer : Global AuthenticationManager configured with AuthenticationProvider bean with name authProvider
2026-01-02T15:52:59.613Z  WARN 1 --- [auth-service] [           main] r$InitializeUserDetailsManagerConfigurer : Global AuthenticationManager configured with an AuthenticationProvider bean. UserDetailsService beans will not be used by Spring Security for automatically configuring username/password login. Consider removing the AuthenticationProvider bean. Alternatively, consider using the UserDetailsService in a manually instantiated DaoAuthenticationProvider. If the current configuration is intentional, to turn off this warning, increase the logging level of 'org.springframework.security.config.annotation.authentication.configuration.InitializeUserDetailsBeanManagerConfigurer' to ERROR
2026-01-02T15:53:06.092Z  INFO 1 --- [auth-service] [           main] o.s.b.a.e.web.EndpointLinksResolver      : Exposing 3 endpoints beneath base path '/actuator'
2026-01-02T15:53:07.988Z DEBUG 1 --- [auth-service] [           main] o.s.s.web.DefaultSecurityFilterChain     : Will secure any request with filters: DisableEncodeUrlFilter, WebAsyncManagerIntegrationFilter, SecurityContextHolderFilter, HeaderWriterFilter, CorsFilter, LogoutFilter, BasicAuthenticationFilter, RequestCacheAwareFilter, SecurityContextHolderAwareRequestFilter, AnonymousAuthenticationFilter, ExceptionTranslationFilter, AuthorizationFilter
2026-01-02T15:53:15.143Z  WARN 1 --- [auth-service] [           main] iguration$LoadBalancerCaffeineWarnLogger : Spring Cloud LoadBalancer is currently working with the default cache. While this cache implementation is useful for development and tests, it's recommended to use Caffeine cache in production.You can switch to using Caffeine cache, by adding it and org.springframework.cache.caffeine.CaffeineCacheManager to the classpath.
2026-01-02T15:53:15.339Z  INFO 1 --- [auth-service] [           main] o.s.b.w.embedded.tomcat.TomcatWebServer  : Tomcat started on port 8081 (http) with context path '/'
2026-01-02T15:53:15.355Z  INFO 1 --- [auth-service] [           main] o.s.c.c.s.ConsulServiceRegistry          : Registering service with consul: NewService{id='auth-service-7fa22d7e7d296483c0e0bb07d7fc1881', name='auth-service', tags=[statlabia, auth, dev], address='172.22.0.10', meta={secure=false}, port=8081, enableTagOverride=null, check=Check{script='null', dockerContainerID='null', shell='null', interval='30s', ttl='null', http='http://172.22.0.10:8081/actuator/health', method='null', header={}, tcp='null', timeout='null', deregisterCriticalServiceAfter='30s', tlsSkipVerify=null, status='null', grpc='null', grpcUseTLS=null}, checks=null}
2026-01-02T15:53:15.468Z  INFO 1 --- [auth-service] [           main] c.e.auth_service.AuthServiceApplication  : Started AuthServiceApplication in 84.775 seconds (process running for 98.459)
2026-01-02T15:53:20.720Z  INFO 1 --- [auth-service] [nio-8081-exec-1] o.a.c.c.C.[Tomcat].[localhost].[/]       : Initializing Spring DispatcherServlet 'dispatcherServlet'
2026-01-02T15:53:20.721Z  INFO 1 --- [auth-service] [nio-8081-exec-1] o.s.web.servlet.DispatcherServlet        : Initializing Servlet 'dispatcherServlet'
2026-01-02T15:53:20.725Z  INFO 1 --- [auth-service] [nio-8081-exec-1] o.s.web.servlet.DispatcherServlet        : Completed initialization in 4 ms
2026-01-02T15:53:20.802Z DEBUG 1 --- [auth-service] [nio-8081-exec-1] o.s.security.web.FilterChainProxy        : Securing GET /actuator/health
2026-01-02T15:53:20.850Z DEBUG 1 --- [auth-service] [nio-8081-exec-1] o.s.security.web.FilterChainProxy        : Secured GET /actuator/health
2026-01-02T15:53:21.151Z DEBUG 1 --- [auth-service] [nio-8081-exec-1] o.s.s.w.a.AnonymousAuthenticationFilter  : Set SecurityContextHolder to anonymous SecurityContext
2026-01-02T15:53:33.330Z DEBUG 1 --- [auth-service] [nio-8081-exec-2] o.s.security.web.FilterChainProxy        : Securing GET /actuator/health
2026-01-02T15:53:33.333Z DEBUG 1 --- [auth-service] [nio-8081-exec-2] o.s.security.web.FilterChainProxy        : Secured GET /actuator/health
2026-01-02T15:53:33.350Z DEBUG 1 --- [auth-service] [nio-8081-exec-2] o.s.s.w.a.AnonymousAuthenticationFilter  : Set SecurityContextHolder to anonymous SecurityContext
2026-01-02T15:53:51.229Z DEBUG 1 --- [auth-service] [nio-8081-exec-3] o.s.security.web.FilterChainProxy        : Securing GET /actuator/health
2026-01-02T15:53:51.231Z DEBUG 1 --- [auth-service] [nio-8081-exec-3] o.s.security.web.FilterChainProxy        : Secured GET /actuator/health
2026-01-02T15:53:51.244Z DEBUG 1 --- [auth-service] [nio-8081-exec-3] o.s.s.w.a.AnonymousAuthenticationFilter  : Set SecurityContextHolder to anonymous SecurityContext
2026-01-02T15:54:03.355Z DEBUG 1 --- [auth-service] [nio-8081-exec-4] o.s.security.web.FilterChainProxy        : Securing GET /actuator/health
2026-01-02T15:54:03.358Z DEBUG 1 --- [auth-service] [nio-8081-exec-4] o.s.security.web.FilterChainProxy        : Secured GET /actuator/health
2026-01-02T15:54:03.375Z DEBUG 1 --- [auth-service] [nio-8081-exec-4] o.s.s.w.a.AnonymousAuthenticationFilter  : Set SecurityContextHolder to anonymous SecurityContext
2026-01-02T15:54:21.345Z DEBUG 1 --- [auth-service] [nio-8081-exec-5] o.s.security.web.FilterChainProxy        : Securing GET /actuator/health
2026-01-02T15:54:21.348Z DEBUG 1 --- [auth-service] [nio-8081-exec-5] o.s.security.web.FilterChainProxy        : Secured GET /actuator/health
2026-01-02T15:54:21.363Z DEBUG 1 --- [auth-service] [nio-8081-exec-5] o.s.s.w.a.AnonymousAuthenticationFilter  : Set SecurityContextHolder to anonymous SecurityContext
2026-01-02T15:54:33.376Z DEBUG 1 --- [auth-service] [nio-8081-exec-6] o.s.security.web.FilterChainProxy        : Securing GET /actuator/health
2026-01-02T15:54:33.379Z DEBUG 1 --- [auth-service] [nio-8081-exec-6] o.s.security.web.FilterChainProxy        : Secured GET /actuator/health
2026-01-02T15:54:33.392Z DEBUG 1 --- [auth-service] [nio-8081-exec-6] o.s.s.w.a.AnonymousAuthenticationFilter  : Set SecurityContextHolder to anonymous SecurityContext
