Standard Commons Logging discovery in action with spring-jcl: please remove commons-logging.jar from classpath in order to avoid potential conflicts

  .   ____          _            __ _ _
 /\\ / ___'_ __ _ _(_)_ __  __ _ \ \ \ \
( ( )\___ | '_ | '_| | '_ \/ _` | \ \ \ \
 \\/  ___)| |_)| | | | | || (_| |  ) ) ) )
  '  |____| .__|_| |_|_| |_\__, | / / / /
 =========|_|==============|___/=/_/_/_/

 :: Spring Boot ::                (v3.5.9)

2026-01-02 15:52:08 [main] INFO  c.e.api_gatway.ApiGatewayApplication - Starting ApiGatewayApplication v0.0.1-SNAPSHOT using Java 17.0.17 with PID 1 (/app/app.jar started by spring in /app)
2026-01-02 15:52:08 [main] DEBUG c.e.api_gatway.ApiGatewayApplication - Running with Spring Boot v3.5.9, Spring v6.2.15
2026-01-02 15:52:08 [main] INFO  c.e.api_gatway.ApiGatewayApplication - The following 1 profile is active: "dev"
2026-01-02 15:52:30 [main] INFO  o.s.d.r.c.RepositoryConfigurationDelegate - Multiple Spring Data modules found, entering strict repository configuration mode
2026-01-02 15:52:30 [main] INFO  o.s.d.r.c.RepositoryConfigurationDelegate - Bootstrapping Spring Data Redis repositories in DEFAULT mode.
2026-01-02 15:52:30 [main] INFO  o.s.d.r.c.RepositoryConfigurationDelegate - Finished Spring Data repository scanning in 161 ms. Found 0 Redis repository interfaces.
2026-01-02 15:52:35 [main] INFO  o.s.cloud.context.scope.GenericScope - BeanFactory id=1153f981-d6b4-3f5d-b847-df6c178f2794
2026-01-02 15:52:44 [main] INFO  o.s.b.a.s.r.ReactiveUserDetailsServiceAutoConfiguration - 

Using generated security password: ce46e0b9-0c20-47e0-909d-cea998049870

2026-01-02 15:52:46 [main] WARN  o.s.c.g.c.GatewayClassPathWarningAutoConfiguration - 

**********************************************************

The artifact spring-cloud-gateway-server is deprecated. It will be removed in the next major release. Please add spring-cloud-gateway-server-webflux dependency.

**********************************************************


2026-01-02 15:52:49 [main] INFO  o.s.c.g.r.RouteDefinitionRouteLocator - Loaded RoutePredicateFactory [After]
2026-01-02 15:52:49 [main] INFO  o.s.c.g.r.RouteDefinitionRouteLocator - Loaded RoutePredicateFactory [Before]
2026-01-02 15:52:49 [main] INFO  o.s.c.g.r.RouteDefinitionRouteLocator - Loaded RoutePredicateFactory [Between]
2026-01-02 15:52:49 [main] INFO  o.s.c.g.r.RouteDefinitionRouteLocator - Loaded RoutePredicateFactory [Cookie]
2026-01-02 15:52:49 [main] INFO  o.s.c.g.r.RouteDefinitionRouteLocator - Loaded RoutePredicateFactory [Header]
2026-01-02 15:52:49 [main] INFO  o.s.c.g.r.RouteDefinitionRouteLocator - Loaded RoutePredicateFactory [Host]
2026-01-02 15:52:49 [main] INFO  o.s.c.g.r.RouteDefinitionRouteLocator - Loaded RoutePredicateFactory [Method]
2026-01-02 15:52:49 [main] INFO  o.s.c.g.r.RouteDefinitionRouteLocator - Loaded RoutePredicateFactory [Path]
2026-01-02 15:52:49 [main] INFO  o.s.c.g.r.RouteDefinitionRouteLocator - Loaded RoutePredicateFactory [Query]
2026-01-02 15:52:49 [main] INFO  o.s.c.g.r.RouteDefinitionRouteLocator - Loaded RoutePredicateFactory [ReadBody]
2026-01-02 15:52:49 [main] INFO  o.s.c.g.r.RouteDefinitionRouteLocator - Loaded RoutePredicateFactory [RemoteAddr]
2026-01-02 15:52:49 [main] INFO  o.s.c.g.r.RouteDefinitionRouteLocator - Loaded RoutePredicateFactory [XForwardedRemoteAddr]
2026-01-02 15:52:49 [main] INFO  o.s.c.g.r.RouteDefinitionRouteLocator - Loaded RoutePredicateFactory [Weight]
2026-01-02 15:52:49 [main] INFO  o.s.c.g.r.RouteDefinitionRouteLocator - Loaded RoutePredicateFactory [CloudFoundryRouteService]
2026-01-02 15:52:51 [main] INFO  o.s.b.a.e.web.EndpointLinksResolver - Exposing 2 endpoints beneath base path '/actuator'
2026-01-02 15:52:55 [main] WARN  o.s.c.g.s.w.s.StarterDeprecatedAutoConfiguration - 

**********************************************************

spring-cloud-starter-gateway is deprecated. It will be removed in the next major release. Please use spring-cloud-starter-gateway-server-webflux instead.

**********************************************************


2026-01-02 15:52:55 [main] WARN  o.s.c.l.c.LoadBalancerCacheAutoConfiguration$LoadBalancerCaffeineWarnLogger - Spring Cloud LoadBalancer is currently working with the default cache. While this cache implementation is useful for development and tests, it's recommended to use Caffeine cache in production.You can switch to using Caffeine cache, by adding it and org.springframework.cache.caffeine.CaffeineCacheManager to the classpath.
2026-01-02 15:52:56 [main] INFO  o.s.b.w.e.netty.NettyWebServer - Netty started on port 8080 (http)
2026-01-02 15:52:56 [main] INFO  o.s.c.c.s.ConsulServiceRegistry - Registering service with consul: NewService{id='api-gatway-4891885ef7d7988e3a79394e5a3b8db7', name='api-gatway', tags=[statlabia, gateway, dev], address='172.22.0.12', meta={secure=false}, port=8080, enableTagOverride=null, check=Check{script='null', dockerContainerID='null', shell='null', interval='30s', ttl='null', http='http://172.22.0.12:8080/actuator/health', method='null', header={}, tcp='null', timeout='null', deregisterCriticalServiceAfter='30s', tlsSkipVerify=null, status='null', grpc='null', grpcUseTLS=null}, checks=null}
2026-01-02 15:52:56 [main] INFO  c.e.api_gatway.ApiGatewayApplication - Started ApiGatewayApplication in 64.521 seconds (process running for 77.344)
2026-01-02 15:53:01 [parallel-1] DEBUG o.s.s.w.s.u.m.OrServerWebExchangeMatcher - Trying to match using PathMatcherServerWebExchangeMatcher{pattern='/logout', method=POST}
2026-01-02 15:53:01 [parallel-1] DEBUG o.s.s.w.s.u.m.PathPatternParserServerWebExchangeMatcher - Request 'GET /actuator/health' doesn't match 'POST /logout'
2026-01-02 15:53:01 [parallel-1] DEBUG o.s.s.w.s.u.m.OrServerWebExchangeMatcher - No matches found
2026-01-02 15:53:01 [parallel-1] DEBUG o.s.s.w.s.u.m.OrServerWebExchangeMatcher - Trying to match using PathMatcherServerWebExchangeMatcher{pattern='/api/auth/**', method=null}
2026-01-02 15:53:01 [parallel-1] DEBUG o.s.s.w.s.u.m.PathPatternParserServerWebExchangeMatcher - Request 'GET /actuator/health' doesn't match 'null /api/auth/**'
2026-01-02 15:53:01 [parallel-1] DEBUG o.s.s.w.s.u.m.OrServerWebExchangeMatcher - Trying to match using PathMatcherServerWebExchangeMatcher{pattern='/actuator/health', method=null}
2026-01-02 15:53:01 [parallel-1] DEBUG o.s.s.w.s.u.m.PathPatternParserServerWebExchangeMatcher - Checking match of request : '/actuator/health'; against '/actuator/health'
2026-01-02 15:53:01 [parallel-1] DEBUG o.s.s.w.s.u.m.OrServerWebExchangeMatcher - Trying to match using PathMatcherServerWebExchangeMatcher{pattern='/actuator/info', method=null}
2026-01-02 15:53:01 [parallel-1] DEBUG o.s.s.w.s.u.m.PathPatternParserServerWebExchangeMatcher - Request 'GET /actuator/health' doesn't match 'null /actuator/info'
2026-01-02 15:53:01 [parallel-1] DEBUG o.s.s.w.s.u.m.OrServerWebExchangeMatcher - Trying to match using PathMatcherServerWebExchangeMatcher{pattern='/v3/api-docs/**', method=null}
2026-01-02 15:53:01 [parallel-1] DEBUG o.s.s.w.s.u.m.PathPatternParserServerWebExchangeMatcher - Request 'GET /actuator/health' doesn't match 'null /v3/api-docs/**'
2026-01-02 15:53:01 [parallel-1] DEBUG o.s.s.w.s.u.m.OrServerWebExchangeMatcher - Trying to match using PathMatcherServerWebExchangeMatcher{pattern='/swagger-ui/**', method=null}
2026-01-02 15:53:01 [parallel-1] DEBUG o.s.s.w.s.u.m.PathPatternParserServerWebExchangeMatcher - Request 'GET /actuator/health' doesn't match 'null /swagger-ui/**'
2026-01-02 15:53:01 [parallel-1] DEBUG o.s.s.w.s.u.m.OrServerWebExchangeMatcher - Trying to match using PathMatcherServerWebExchangeMatcher{pattern='/swagger-ui.html', method=null}
2026-01-02 15:53:01 [parallel-1] DEBUG o.s.s.w.s.u.m.PathPatternParserServerWebExchangeMatcher - Request 'GET /actuator/health' doesn't match 'null /swagger-ui.html'
2026-01-02 15:53:01 [parallel-1] DEBUG o.s.s.w.s.u.m.OrServerWebExchangeMatcher - Trying to match using PathMatcherServerWebExchangeMatcher{pattern='/webjars/**', method=null}
2026-01-02 15:53:01 [parallel-1] DEBUG o.s.s.w.s.u.m.PathPatternParserServerWebExchangeMatcher - Request 'GET /actuator/health' doesn't match 'null /webjars/**'
2026-01-02 15:53:01 [parallel-1] DEBUG o.s.s.w.s.u.m.OrServerWebExchangeMatcher - Trying to match using PathMatcherServerWebExchangeMatcher{pattern='/favicon.ico', method=null}
2026-01-02 15:53:01 [parallel-1] DEBUG o.s.s.w.s.u.m.PathPatternParserServerWebExchangeMatcher - Request 'GET /actuator/health' doesn't match 'null /favicon.ico'
2026-01-02 15:53:01 [parallel-1] DEBUG o.s.s.w.s.u.m.OrServerWebExchangeMatcher - Trying to match using PathMatcherServerWebExchangeMatcher{pattern='/error', method=null}
2026-01-02 15:53:01 [parallel-1] DEBUG o.s.s.w.s.u.m.PathPatternParserServerWebExchangeMatcher - Request 'GET /actuator/health' doesn't match 'null /error'
2026-01-02 15:53:01 [parallel-1] DEBUG o.s.s.w.s.u.m.OrServerWebExchangeMatcher - matched
2026-01-02 15:53:01 [parallel-1] DEBUG o.s.s.w.s.a.DelegatingReactiveAuthorizationManager - Checking authorization on '/actuator/health' using org.springframework.security.config.web.server.ServerHttpSecurity$AuthorizeExchangeSpec$Access$$Lambda$1025/0x000074eba1678880@3c1ffb89
2026-01-02 15:53:01 [parallel-1] DEBUG o.s.s.w.s.a.AuthorizationWebFilter - Authorization successful
2026-01-02 15:53:01 [parallel-1] DEBUG o.s.s.w.s.c.WebSessionServerSecurityContextRepository - No SecurityContext found in WebSession: 'org.springframework.web.server.session.InMemoryWebSessionStore$InMemoryWebSession@33ccf4ce'
2026-01-02 15:53:23 [parallel-2] DEBUG o.s.s.w.s.u.m.OrServerWebExchangeMatcher - Trying to match using PathMatcherServerWebExchangeMatcher{pattern='/logout', method=POST}
2026-01-02 15:53:23 [parallel-2] DEBUG o.s.s.w.s.u.m.PathPatternParserServerWebExchangeMatcher - Request 'GET /actuator/health' doesn't match 'POST /logout'
2026-01-02 15:53:23 [parallel-2] DEBUG o.s.s.w.s.u.m.OrServerWebExchangeMatcher - No matches found
2026-01-02 15:53:23 [parallel-2] DEBUG o.s.s.w.s.u.m.OrServerWebExchangeMatcher - Trying to match using PathMatcherServerWebExchangeMatcher{pattern='/api/auth/**', method=null}
2026-01-02 15:53:23 [parallel-2] DEBUG o.s.s.w.s.u.m.PathPatternParserServerWebExchangeMatcher - Request 'GET /actuator/health' doesn't match 'null /api/auth/**'
2026-01-02 15:53:23 [parallel-2] DEBUG o.s.s.w.s.u.m.OrServerWebExchangeMatcher - Trying to match using PathMatcherServerWebExchangeMatcher{pattern='/actuator/health', method=null}
2026-01-02 15:53:23 [parallel-2] DEBUG o.s.s.w.s.u.m.PathPatternParserServerWebExchangeMatcher - Checking match of request : '/actuator/health'; against '/actuator/health'
2026-01-02 15:53:23 [parallel-2] DEBUG o.s.s.w.s.u.m.OrServerWebExchangeMatcher - Trying to match using PathMatcherServerWebExchangeMatcher{pattern='/actuator/info', method=null}
2026-01-02 15:53:23 [parallel-2] DEBUG o.s.s.w.s.u.m.PathPatternParserServerWebExchangeMatcher - Request 'GET /actuator/health' doesn't match 'null /actuator/info'
2026-01-02 15:53:23 [parallel-2] DEBUG o.s.s.w.s.u.m.OrServerWebExchangeMatcher - Trying to match using PathMatcherServerWebExchangeMatcher{pattern='/v3/api-docs/**', method=null}
2026-01-02 15:53:23 [parallel-2] DEBUG o.s.s.w.s.u.m.PathPatternParserServerWebExchangeMatcher - Request 'GET /actuator/health' doesn't match 'null /v3/api-docs/**'
2026-01-02 15:53:23 [parallel-2] DEBUG o.s.s.w.s.u.m.OrServerWebExchangeMatcher - Trying to match using PathMatcherServerWebExchangeMatcher{pattern='/swagger-ui/**', method=null}
2026-01-02 15:53:23 [parallel-2] DEBUG o.s.s.w.s.u.m.PathPatternParserServerWebExchangeMatcher - Request 'GET /actuator/health' doesn't match 'null /swagger-ui/**'
2026-01-02 15:53:23 [parallel-2] DEBUG o.s.s.w.s.u.m.OrServerWebExchangeMatcher - Trying to match using PathMatcherServerWebExchangeMatcher{pattern='/swagger-ui.html', method=null}
2026-01-02 15:53:23 [parallel-2] DEBUG o.s.s.w.s.u.m.PathPatternParserServerWebExchangeMatcher - Request 'GET /actuator/health' doesn't match 'null /swagger-ui.html'
2026-01-02 15:53:23 [parallel-2] DEBUG o.s.s.w.s.u.m.OrServerWebExchangeMatcher - Trying to match using PathMatcherServerWebExchangeMatcher{pattern='/webjars/**', method=null}
2026-01-02 15:53:23 [parallel-2] DEBUG o.s.s.w.s.u.m.PathPatternParserServerWebExchangeMatcher - Request 'GET /actuator/health' doesn't match 'null /webjars/**'
2026-01-02 15:53:23 [parallel-2] DEBUG o.s.s.w.s.u.m.OrServerWebExchangeMatcher - Trying to match using PathMatcherServerWebExchangeMatcher{pattern='/favicon.ico', method=null}
2026-01-02 15:53:23 [parallel-2] DEBUG o.s.s.w.s.u.m.PathPatternParserServerWebExchangeMatcher - Request 'GET /actuator/health' doesn't match 'null /favicon.ico'
2026-01-02 15:53:23 [parallel-2] DEBUG o.s.s.w.s.u.m.OrServerWebExchangeMatcher - Trying to match using PathMatcherServerWebExchangeMatcher{pattern='/error', method=null}
2026-01-02 15:53:23 [parallel-2] DEBUG o.s.s.w.s.u.m.PathPatternParserServerWebExchangeMatcher - Request 'GET /actuator/health' doesn't match 'null /error'
2026-01-02 15:53:23 [parallel-2] DEBUG o.s.s.w.s.u.m.OrServerWebExchangeMatcher - matched
2026-01-02 15:53:23 [parallel-2] DEBUG o.s.s.w.s.a.DelegatingReactiveAuthorizationManager - Checking authorization on '/actuator/health' using org.springframework.security.config.web.server.ServerHttpSecurity$AuthorizeExchangeSpec$Access$$Lambda$1025/0x000074eba1678880@3c1ffb89
2026-01-02 15:53:23 [parallel-2] DEBUG o.s.s.w.s.a.AuthorizationWebFilter - Authorization successful
2026-01-02 15:53:23 [parallel-2] DEBUG o.s.s.w.s.c.WebSessionServerSecurityContextRepository - No SecurityContext found in WebSession: 'org.springframework.web.server.session.InMemoryWebSessionStore$InMemoryWebSession@680bbe1a'
2026-01-02 15:53:35 [parallel-3] DEBUG o.s.s.w.s.u.m.OrServerWebExchangeMatcher - Trying to match using PathMatcherServerWebExchangeMatcher{pattern='/logout', method=POST}
2026-01-02 15:53:35 [parallel-3] DEBUG o.s.s.w.s.u.m.PathPatternParserServerWebExchangeMatcher - Request 'GET /actuator/health' doesn't match 'POST /logout'
2026-01-02 15:53:35 [parallel-3] DEBUG o.s.s.w.s.u.m.OrServerWebExchangeMatcher - No matches found
2026-01-02 15:53:35 [parallel-3] DEBUG o.s.s.w.s.u.m.OrServerWebExchangeMatcher - Trying to match using PathMatcherServerWebExchangeMatcher{pattern='/api/auth/**', method=null}
2026-01-02 15:53:35 [parallel-3] DEBUG o.s.s.w.s.u.m.PathPatternParserServerWebExchangeMatcher - Request 'GET /actuator/health' doesn't match 'null /api/auth/**'
2026-01-02 15:53:35 [parallel-3] DEBUG o.s.s.w.s.u.m.OrServerWebExchangeMatcher - Trying to match using PathMatcherServerWebExchangeMatcher{pattern='/actuator/health', method=null}
2026-01-02 15:53:35 [parallel-3] DEBUG o.s.s.w.s.u.m.PathPatternParserServerWebExchangeMatcher - Checking match of request : '/actuator/health'; against '/actuator/health'
2026-01-02 15:53:35 [parallel-3] DEBUG o.s.s.w.s.u.m.OrServerWebExchangeMatcher - Trying to match using PathMatcherServerWebExchangeMatcher{pattern='/actuator/info', method=null}
2026-01-02 15:53:35 [parallel-3] DEBUG o.s.s.w.s.u.m.PathPatternParserServerWebExchangeMatcher - Request 'GET /actuator/health' doesn't match 'null /actuator/info'
2026-01-02 15:53:35 [parallel-3] DEBUG o.s.s.w.s.u.m.OrServerWebExchangeMatcher - Trying to match using PathMatcherServerWebExchangeMatcher{pattern='/v3/api-docs/**', method=null}
2026-01-02 15:53:35 [parallel-3] DEBUG o.s.s.w.s.u.m.PathPatternParserServerWebExchangeMatcher - Request 'GET /actuator/health' doesn't match 'null /v3/api-docs/**'
2026-01-02 15:53:35 [parallel-3] DEBUG o.s.s.w.s.u.m.OrServerWebExchangeMatcher - Trying to match using PathMatcherServerWebExchangeMatcher{pattern='/swagger-ui/**', method=null}
2026-01-02 15:53:35 [parallel-3] DEBUG o.s.s.w.s.u.m.PathPatternParserServerWebExchangeMatcher - Request 'GET /actuator/health' doesn't match 'null /swagger-ui/**'
2026-01-02 15:53:35 [parallel-3] DEBUG o.s.s.w.s.u.m.OrServerWebExchangeMatcher - Trying to match using PathMatcherServerWebExchangeMatcher{pattern='/swagger-ui.html', method=null}
2026-01-02 15:53:35 [parallel-3] DEBUG o.s.s.w.s.u.m.PathPatternParserServerWebExchangeMatcher - Request 'GET /actuator/health' doesn't match 'null /swagger-ui.html'
2026-01-02 15:53:35 [parallel-3] DEBUG o.s.s.w.s.u.m.OrServerWebExchangeMatcher - Trying to match using PathMatcherServerWebExchangeMatcher{pattern='/webjars/**', method=null}
2026-01-02 15:53:35 [parallel-3] DEBUG o.s.s.w.s.u.m.PathPatternParserServerWebExchangeMatcher - Request 'GET /actuator/health' doesn't match 'null /webjars/**'
2026-01-02 15:53:35 [parallel-3] DEBUG o.s.s.w.s.u.m.OrServerWebExchangeMatcher - Trying to match using PathMatcherServerWebExchangeMatcher{pattern='/favicon.ico', method=null}
2026-01-02 15:53:35 [parallel-3] DEBUG o.s.s.w.s.u.m.PathPatternParserServerWebExchangeMatcher - Request 'GET /actuator/health' doesn't match 'null /favicon.ico'
2026-01-02 15:53:35 [parallel-3] DEBUG o.s.s.w.s.u.m.OrServerWebExchangeMatcher - Trying to match using PathMatcherServerWebExchangeMatcher{pattern='/error', method=null}
2026-01-02 15:53:35 [parallel-3] DEBUG o.s.s.w.s.u.m.PathPatternParserServerWebExchangeMatcher - Request 'GET /actuator/health' doesn't match 'null /error'
2026-01-02 15:53:35 [parallel-3] DEBUG o.s.s.w.s.u.m.OrServerWebExchangeMatcher - matched
2026-01-02 15:53:35 [parallel-3] DEBUG o.s.s.w.s.a.DelegatingReactiveAuthorizationManager - Checking authorization on '/actuator/health' using org.springframework.security.config.web.server.ServerHttpSecurity$AuthorizeExchangeSpec$Access$$Lambda$1025/0x000074eba1678880@3c1ffb89
2026-01-02 15:53:35 [parallel-3] DEBUG o.s.s.w.s.a.AuthorizationWebFilter - Authorization successful
2026-01-02 15:53:35 [parallel-3] DEBUG o.s.s.w.s.c.WebSessionServerSecurityContextRepository - No SecurityContext found in WebSession: 'org.springframework.web.server.session.InMemoryWebSessionStore$InMemoryWebSession@6118487a'
2026-01-02 15:53:53 [parallel-4] DEBUG o.s.s.w.s.u.m.OrServerWebExchangeMatcher - Trying to match using PathMatcherServerWebExchangeMatcher{pattern='/logout', method=POST}
2026-01-02 15:53:53 [parallel-4] DEBUG o.s.s.w.s.u.m.PathPatternParserServerWebExchangeMatcher - Request 'GET /actuator/health' doesn't match 'POST /logout'
2026-01-02 15:53:53 [parallel-4] DEBUG o.s.s.w.s.u.m.OrServerWebExchangeMatcher - No matches found
2026-01-02 15:53:53 [parallel-4] DEBUG o.s.s.w.s.u.m.OrServerWebExchangeMatcher - Trying to match using PathMatcherServerWebExchangeMatcher{pattern='/api/auth/**', method=null}
2026-01-02 15:53:53 [parallel-4] DEBUG o.s.s.w.s.u.m.PathPatternParserServerWebExchangeMatcher - Request 'GET /actuator/health' doesn't match 'null /api/auth/**'
2026-01-02 15:53:53 [parallel-4] DEBUG o.s.s.w.s.u.m.OrServerWebExchangeMatcher - Trying to match using PathMatcherServerWebExchangeMatcher{pattern='/actuator/health', method=null}
2026-01-02 15:53:53 [parallel-4] DEBUG o.s.s.w.s.u.m.PathPatternParserServerWebExchangeMatcher - Checking match of request : '/actuator/health'; against '/actuator/health'
2026-01-02 15:53:53 [parallel-4] DEBUG o.s.s.w.s.u.m.OrServerWebExchangeMatcher - Trying to match using PathMatcherServerWebExchangeMatcher{pattern='/actuator/info', method=null}
2026-01-02 15:53:53 [parallel-4] DEBUG o.s.s.w.s.u.m.PathPatternParserServerWebExchangeMatcher - Request 'GET /actuator/health' doesn't match 'null /actuator/info'
2026-01-02 15:53:53 [parallel-4] DEBUG o.s.s.w.s.u.m.OrServerWebExchangeMatcher - Trying to match using PathMatcherServerWebExchangeMatcher{pattern='/v3/api-docs/**', method=null}
2026-01-02 15:53:53 [parallel-4] DEBUG o.s.s.w.s.u.m.PathPatternParserServerWebExchangeMatcher - Request 'GET /actuator/health' doesn't match 'null /v3/api-docs/**'
2026-01-02 15:53:53 [parallel-4] DEBUG o.s.s.w.s.u.m.OrServerWebExchangeMatcher - Trying to match using PathMatcherServerWebExchangeMatcher{pattern='/swagger-ui/**', method=null}
2026-01-02 15:53:53 [parallel-4] DEBUG o.s.s.w.s.u.m.PathPatternParserServerWebExchangeMatcher - Request 'GET /actuator/health' doesn't match 'null /swagger-ui/**'
2026-01-02 15:53:53 [parallel-4] DEBUG o.s.s.w.s.u.m.OrServerWebExchangeMatcher - Trying to match using PathMatcherServerWebExchangeMatcher{pattern='/swagger-ui.html', method=null}
2026-01-02 15:53:53 [parallel-4] DEBUG o.s.s.w.s.u.m.PathPatternParserServerWebExchangeMatcher - Request 'GET /actuator/health' doesn't match 'null /swagger-ui.html'
2026-01-02 15:53:53 [parallel-4] DEBUG o.s.s.w.s.u.m.OrServerWebExchangeMatcher - Trying to match using PathMatcherServerWebExchangeMatcher{pattern='/webjars/**', method=null}
2026-01-02 15:53:53 [parallel-4] DEBUG o.s.s.w.s.u.m.PathPatternParserServerWebExchangeMatcher - Request 'GET /actuator/health' doesn't match 'null /webjars/**'
2026-01-02 15:53:53 [parallel-4] DEBUG o.s.s.w.s.u.m.OrServerWebExchangeMatcher - Trying to match using PathMatcherServerWebExchangeMatcher{pattern='/favicon.ico', method=null}
2026-01-02 15:53:53 [parallel-4] DEBUG o.s.s.w.s.u.m.PathPatternParserServerWebExchangeMatcher - Request 'GET /actuator/health' doesn't match 'null /favicon.ico'
2026-01-02 15:53:53 [parallel-4] DEBUG o.s.s.w.s.u.m.OrServerWebExchangeMatcher - Trying to match using PathMatcherServerWebExchangeMatcher{pattern='/error', method=null}
2026-01-02 15:53:53 [parallel-4] DEBUG o.s.s.w.s.u.m.PathPatternParserServerWebExchangeMatcher - Request 'GET /actuator/health' doesn't match 'null /error'
2026-01-02 15:53:53 [parallel-4] DEBUG o.s.s.w.s.u.m.OrServerWebExchangeMatcher - matched
2026-01-02 15:53:53 [parallel-4] DEBUG o.s.s.w.s.a.DelegatingReactiveAuthorizationManager - Checking authorization on '/actuator/health' using org.springframework.security.config.web.server.ServerHttpSecurity$AuthorizeExchangeSpec$Access$$Lambda$1025/0x000074eba1678880@3c1ffb89
2026-01-02 15:53:53 [parallel-4] DEBUG o.s.s.w.s.a.AuthorizationWebFilter - Authorization successful
2026-01-02 15:53:53 [parallel-4] DEBUG o.s.s.w.s.c.WebSessionServerSecurityContextRepository - No SecurityContext found in WebSession: 'org.springframework.web.server.session.InMemoryWebSessionStore$InMemoryWebSession@2b7eba71'
